<?xml version="1.0" encoding="UTF-8"?>
<!-- Generated by org.testng.reporters.JUnitXMLReporter -->
<testsuite hostname="DESKTOP-J2TI704" name="Test2" tests="6" failures="0" timestamp="10 Feb 2019 06:20:30 GMT" time="0.031" errors="0">
  <testcase name="Stringlength" time="0.003" classname="learningTestng.TestExample2"/>
  <testcase name="Uppercase" time="0.001" classname="learningTestng.TestExample2"/>
  <testcase name="add" time="0.003" classname="learningTestng.TestExample2"/>
  <testcase name="binary" time="0.0" classname="learningTestng.TestExample2">
    <skipped/>
  </testcase> <!-- binary -->
  <testcase name="hello" time="0.002" classname="learningTestng.TestExample2"/>
  <testcase name="printstar" time="0.004" classname="learningTestng.TestExample2"/>
</testsuite> <!-- Test2 -->
