<?xml version="1.0" encoding="UTF-8"?>
<!-- Generated by org.testng.reporters.JUnitXMLReporter -->
<testsuite hostname="DESKTOP-J2TI704" name="SuteTest" tests="6" failures="0" timestamp="10 Feb 2019 05:49:28 GMT" time="0.066" errors="0">
  <testcase name="subtract" time="0.008" classname="learningTestng.TestExample1"/>
  <testcase name="atest2" time="0.003" classname="learningTestng.TestExample1"/>
  <testcase name="test1" time="0.002" classname="learningTestng.TestExample1"/>
  <testcase name="Stringlength" time="0.004" classname="learningTestng.TestExample2"/>
  <testcase name="binary" time="0.003" classname="learningTestng.TestExample2"/>
  <testcase name="printstar" time="0.005" classname="learningTestng.TestExample2"/>
</testsuite> <!-- SuteTest -->
